<?xml version="1.0" encoding="UTF-8"?>
<testsuite name="TowerServiceTest" tests="1" skipped="0" failures="0" errors="0" timestamp="2024-07-02T19:36:43" hostname="LAPTOP-JKAB9HT6" time="0.001">
  <properties/>
  <testcase name="testGetSymbol()" classname="TowerServiceTest" time="0.001"/>
  <system-out><![CDATA[]]></system-out>
  <system-err><![CDATA[]]></system-err>
</testsuite>
