<?xml version="1.0" encoding="UTF-8"?>
<testsuite name="WaveServiceTest" tests="1" skipped="0" failures="0" errors="0" timestamp="2024-07-02T19:36:43" hostname="LAPTOP-JKAB9HT6" time="0.002">
  <properties/>
  <testcase name="testStartWave()" classname="WaveServiceTest" time="0.002"/>
  <system-out><![CDATA[Oleada iniciada!
]]></system-out>
  <system-err><![CDATA[]]></system-err>
</testsuite>
