<?xml version="1.0" encoding="UTF-8"?>
<testsuite name="org.example.GameServiceTest" tests="1" skipped="0" failures="0" errors="0" timestamp="2024-07-01T00:50:08" hostname="LAPTOP-JKAB9HT6" time="0.398">
  <properties/>
  <testcase name="testPlaceTower()" classname="org.example.GameServiceTest" time="0.398"/>
  <system-out><![CDATA[]]></system-out>
  <system-err><![CDATA[]]></system-err>
</testsuite>
