<?xml version="1.0" encoding="UTF-8"?>
<testsuite name="PlayerServiceTest" tests="2" skipped="0" failures="0" errors="0" timestamp="2024-07-02T19:36:43" hostname="LAPTOP-JKAB9HT6" time="0.004">
  <properties/>
  <testcase name="testInitialScore()" classname="PlayerServiceTest" time="0.002"/>
  <testcase name="testInitialBaseHealth()" classname="PlayerServiceTest" time="0.001"/>
  <system-out><![CDATA[]]></system-out>
  <system-err><![CDATA[]]></system-err>
</testsuite>
